<?xml version="1.0" encoding="UTF-8"?>
<!-- Generated by org.testng.reporters.JUnitReportReporter -->
<testsuite hostname="LSLT-IT10369" failures="0" tests="1" name="aps.TestBase.ExtentReportNG" time="4.528" errors="0" timestamp="30 Dec 2018 12:05:56 GMT" skipped="0">
  <testcase classname="aps.TestBase.ExtentReportNG" name="reportNG" time="4.528"/>
</testsuite> <!-- aps.TestBase.ExtentReportNG -->
