<?xml version="1.0" encoding="UTF-8"?>
<!-- Generated by org.testng.reporters.JUnitReportReporter -->
<testsuite hostname="LSLT-IT10369" failures="0" tests="2" name="aps.TestScripts.HomePageTest" time="6.557" errors="0" timestamp="02 Jan 2019 12:34:07 GMT" skipped="0">
  <testcase classname="aps.TestScripts.HomePageTest" name="pageTitleTest" time="0.017"/>
  <testcase classname="aps.TestScripts.HomePageTest" name="clientSelectionTest" time="6.540"/>
</testsuite> <!-- aps.TestScripts.HomePageTest -->
