<?xml version="1.0" encoding="UTF-8"?>
<!-- Generated by org.testng.reporters.JUnitReportReporter -->
<testsuite hostname="LSLT-IT10369" failures="0" tests="2" name="aps.TestScripts.LoginPageTest" time="1.633" errors="0" timestamp="03 Jan 2019 03:22:14 GMT" skipped="0">
  <testcase classname="aps.TestScripts.LoginPageTest" name="LoginTest" time="1.599"/>
  <testcase classname="aps.TestScripts.LoginPageTest" name="pageTitleTest" time="0.034"/>
</testsuite> <!-- aps.TestScripts.LoginPageTest -->
