<?xml version="1.0" encoding="UTF-8"?>
<!-- Generated by org.testng.reporters.JUnitReportReporter -->
<testsuite hostname="LSLT-IT10369" failures="0" tests="2" name="aps.TestScripts.HomePageTest" time="5.375" errors="0" timestamp="07 Jan 2019 09:42:43 GMT" skipped="0">
  <testcase classname="aps.TestScripts.HomePageTest" name="pageTitleTest" time="0.024"/>
  <testcase classname="aps.TestScripts.HomePageTest" name="clientSelectionTest" time="5.351"/>
</testsuite> <!-- aps.TestScripts.HomePageTest -->
