<?xml version="1.0" encoding="UTF-8"?>
<!-- Generated by org.testng.reporters.JUnitReportReporter -->
<testsuite hostname="LSLT-IT10369" failures="0" tests="2" name="aps.TestScripts.LoginPageTest" time="0.457" errors="0" timestamp="07 Jan 2019 09:42:43 GMT" skipped="0">
  <testcase classname="aps.TestScripts.LoginPageTest" name="LoginTest" time="0.448"/>
  <testcase classname="aps.TestScripts.LoginPageTest" name="pageTitleTest" time="0.009"/>
</testsuite> <!-- aps.TestScripts.LoginPageTest -->
