<?xml version="1.0" encoding="UTF-8"?>
<!-- Generated by org.testng.reporters.JUnitReportReporter -->
<testsuite hostname="LSLT-IT10369" failures="0" tests="2" name="aps.TestScripts.LoginPageTest" time="0.490" errors="0" timestamp="01 Jan 2019 09:32:25 GMT" skipped="0">
  <testcase classname="aps.TestScripts.LoginPageTest" name="LoginTest" time="0.484"/>
  <testcase classname="aps.TestScripts.LoginPageTest" name="pageTitleTest" time="0.006"/>
</testsuite> <!-- aps.TestScripts.LoginPageTest -->
