<?xml version="1.0" encoding="UTF-8"?>
<!-- Generated by org.testng.reporters.JUnitReportReporter -->
<testsuite hostname="LSLT-IT10369" failures="0" tests="2" name="aps.TestScripts.HomePageTest" time="5.484" errors="0" timestamp="01 Jan 2019 09:32:25 GMT" skipped="0">
  <testcase classname="aps.TestScripts.HomePageTest" name="pageTitleTest" time="0.015"/>
  <testcase classname="aps.TestScripts.HomePageTest" name="clientSelectionTest" time="5.469"/>
</testsuite> <!-- aps.TestScripts.HomePageTest -->
